<?xml version="1.0" encoding="utf-8"?><testsuites><testsuite name="pytest" errors="0" failures="0" skipped="0" tests="57" time="22.139" timestamp="2026-09-17T15:05:16.507576-03:00" hostname="samsung"><testcase classname="tests.test_admins" name="test_me_endpoint_returns_current_admin" time="0.816" /><testcase classname="tests.test_admins" name="test_list_admins_requires_auth" time="0.022" /><testcase classname="tests.test_admins" name="test_create_and_list_admins" time="0.772" /><testcase classname="tests.test_admins" name="test_create_admin_duplicate_email_rejected" time="0.734" /><testcase classname="tests.test_admins" name="test_admin_cannot_deactivate_own_account" time="0.574" /><testcase classname="tests.test_admins" name="test_admin_can_deactivate_another_admin" time="0.829" /><testcase classname="tests.test_admins" name="test_update_admin_not_found" time="0.554" /><testcase classname="tests.test_email" name="test_build_body_includes_nexterm_credentials_and_pangolin_link" time="0.001" /><testcase classname="tests.test_email" name="test_send_access_instructions_skips_when_smtp_not_configured" time="0.002" /><testcase classname="tests.test_email" name="test_send_access_instructions_sends_via_smtp_when_configured" time="0.004" /><testcase classname="tests.test_email" name="test_send_access_instructions_returns_false_on_smtp_error" time="0.005" /><testcase classname="tests.test_lifecycle" name="test_revoke_expired_users_marks_revoked_and_sets_purge_after" time="0.034" /><testcase classname="tests.test_lifecycle" name="test_purge_retained_users_anonymizes_pii_after_retention" time="0.031" /><testcase classname="tests.test_lifecycle" name="test_provision_pending_users_marks_active_on_success" time="0.032" /><testcase classname="tests.test_lifecycle" name="test_provision_pending_users_marks_failed_when_adapter_fails" time="0.027" /><testcase classname="tests.test_lifecycle" name="test_run_lifecycle_cycle_returns_summary" time="0.015" /><testcase classname="tests.test_lifecycle" name="test_purge_does_not_touch_users_within_retention_window" time="0.014" /><testcase classname="tests.test_provisioning" name="test_all_adapters_registered_for_required_environments" time="0.001" /><testcase classname="tests.test_provisioning" name="test_provision_user_creates_one_record_per_environment" time="0.020" /><testcase classname="tests.test_provisioning" name="test_revoke_then_purge_updates_all_records" time="0.033" /><testcase classname="tests.test_provisioning_base" name="test_nextterm_username_matricula_without_f_prefix" time="0.001" /><testcase classname="tests.test_provisioning_base" name="test_nextterm_username_matricula_already_with_f_prefix_is_not_doubled" time="0.001" /><testcase classname="tests.test_provisioning_base" name="test_nextterm_username_matricula_with_lowercase_f_prefix_is_not_doubled" time="0.001" /><testcase classname="tests.test_provisioning_base" name="test_slugify_username_prefixes_lab_and_truncates_matricula" time="0.001" /><testcase classname="tests.test_provisioning_live" name="test_pangolin_provision_success" time="0.002" /><testcase classname="tests.test_provisioning_live" name="test_pangolin_provision_role_not_found" time="0.002" /><testcase classname="tests.test_provisioning_live" name="test_pangolin_provision_failure_is_captured" time="0.002" /><testcase classname="tests.test_provisioning_live" name="test_pangolin_revoke_removes_roles_from_existing_member" time="0.002" /><testcase classname="tests.test_provisioning_live" name="test_pangolin_revoke_cancels_pending_invite" time="0.002" /><testcase classname="tests.test_provisioning_live" name="test_pangolin_purge_removes_org_member" time="0.002" /><testcase classname="tests.test_provisioning_live" name="test_pangolin_revoke_and_purge_without_identifier_are_noop" time="0.002" /><testcase classname="tests.test_provisioning_live" name="test_next_term_full_cycle_success" time="3.024" /><testcase classname="tests.test_provisioning_live" name="test_next_term_provision_creates_default_entries_via_impersonation" time="5.396" /><testcase classname="tests.test_provisioning_live" name="test_next_term_provision_succeeds_even_if_entry_creation_fails" time="0.005" /><testcase classname="tests.test_provisioning_live" name="test_next_term_revoke_failure_is_captured" time="0.003" /><testcase classname="tests.test_provisioning_live" name="test_sync_last_access_updates_user_from_adapters" time="0.025" /><testcase classname="tests.test_provisioning_live" name="test_linux_ssh_provision_live_without_paramiko_fails_gracefully" time="0.002" /><testcase classname="tests.test_provisioning_live" name="test_linux_ssh_provision_live_with_mocked_paramiko_success" time="0.002" /><testcase classname="tests.test_scheduler" name="test_scheduler_starts_and_stops_cleanly" time="0.003" /><testcase classname="tests.test_scheduler" name="test_start_scheduler_is_idempotent" time="0.004" /><testcase classname="tests.test_users" name="test_login_requires_valid_credentials" time="0.847" /><testcase classname="tests.test_users" name="test_create_user_requires_auth" time="0.022" /><testcase classname="tests.test_users" name="test_create_user_happy_path" time="0.600" /><testcase classname="tests.test_users" name="test_create_user_rejects_disallowed_file_extension" time="0.503" /><testcase classname="tests.test_users" name="test_create_user_duplicate_matricula_rejected" time="0.577" /><testcase classname="tests.test_users" name="test_list_users_and_dashboard_stats" time="0.621" /><testcase classname="tests.test_users" name="test_get_user_not_found" time="0.497" /><testcase classname="tests.test_users" name="test_update_user_fields" time="0.591" /><testcase classname="tests.test_users" name="test_update_user_not_found" time="0.529" /><testcase classname="tests.test_users" name="test_retry_provisioning" time="0.565" /><testcase classname="tests.test_users" name="test_revoke_already_revoked_user_rejected" time="0.620" /><testcase classname="tests.test_users" name="test_run_lifecycle_now" time="0.510" /><testcase classname="tests.test_users" name="test_create_user_invalid_access_days_rejected" time="0.511" /><testcase classname="tests.test_users" name="test_revoke_now" time="0.615" /><testcase classname="tests.test_users" name="test_delete_user_permanently_removes_record" time="0.606" /><testcase classname="tests.test_users" name="test_delete_user_requires_auth" time="0.023" /><testcase classname="tests.test_users" name="test_delete_nonexistent_user_returns_404" time="0.521" /></testsuite></testsuites>